airspyhf_rx
S/N 0xC852405D8A4A2590
Frequency: -f 0.457000MHz (457000 Hz)
#samples -n 10000000 (10M)
0.768000 MS/s IQ
Device Serial Number: 0xC852405D8A4A2590
HF AGC OFF
HF AGC threshold ignored as AGC is disabled.
HF Attenuator value: -0 dB
HF LNA ON
Stop with Ctrl-C
Streaming at 0.764 MS/s
Streaming at 0.767 MS/s
Streaming at 0.768 MS/s
Streaming at 0.768 MS/s
Streaming at 0.768 MS/s
Streaming at 0.764 MS/s
Streaming at 0.767 MS/s
Streaming at 0.769 MS/s
Streaming at 0.769 MS/s
Streaming at 0.769 MS/s
Streaming at 0.764 MS/s
Streaming at 0.768 MS/s
Streaming at 0.768 MS/s

Exiting...
Total time: 13.6292 s
Average speed 0.7669 MS/s IQ
done
