airspyhf_rx
S/N 0xC852405D8A4A2590
Frequency: -f 0.500000MHz (500000 Hz)
#samples -n 3840000 (3M)
0.768000 MS/s IQ
Device Serial Number: 0xC852405D8A4A2590
HF AGC OFF
HF AGC threshold ignored as AGC is disabled.
HF Attenuator value: -0 dB
HF LNA ON
Stop with Ctrl-C
Streaming at 0.768 MS/s
Streaming at 0.753 MS/s
Streaming at 0.753 MS/s
Streaming at 0.740 MS/s
Streaming at 0.769 MS/s
Streaming at 0.772 MS/s
Streaming at 0.764 MS/s

User cancel, exiting...
Total time: 7.1899 s
Average speed 0.7483 MS/s IQ
done
