airspyhf_rx
S/N 0xC852405D8A4A2590
Frequency: -f 0.500000MHz (500000 Hz)
#samples -n 3840000 (3M)
0.768000 MS/s IQ
Device Serial Number: 0xC852405D8A4A2590
HF AGC OFF
HF AGC threshold ignored as AGC is disabled.
HF Attenuator value: -0 dB
HF LNA ON
Stop with Ctrl-C
Streaming at 0.768 MS/s
Streaming at 0.733 MS/s
Streaming at 0.762 MS/s
Streaming at 0.724 MS/s
Streaming at 0.761 MS/s
Streaming at 0.766 MS/s
Streaming at 0.767 MS/s

User cancel, exiting...
Total time: 6.8227 s
Average speed 0.7364 MS/s IQ
done
